<?xml version="1.0" encoding="UTF-8"?>
<testsuite xmlns:xsi="http://www.w3.org/2001/XMLSchema-instance" xsi:noNamespaceSchemaLocation="https://maven.apache.org/surefire/maven-surefire-plugin/xsd/surefire-test-report.xsd" name="ch03.CalculatorTest" time="0.012" tests="5" errors="0" skipped="0" failures="0">
  <properties/>
  <testcase name="expectIllegalArgumentException" classname="ch03.CalculatorTest" time="0.005"/>
  <testcase name="testAdd" classname="ch03.CalculatorTest" time="0"/>
  <testcase name="testSqrt" classname="ch03.CalculatorTest" time="0.001"/>
  <testcase name="testDivide" classname="ch03.CalculatorTest" time="0"/>
  <testcase name="expectArithmeticException" classname="ch03.CalculatorTest" time="0"/>
</testsuite>